<?xml version="1.0" encoding="UTF-8"?>
<!-- Generated by org.testng.reporters.JUnitXMLReporter -->
<testsuite ignored="0" hostname="DESKTOP-5JG36RO" failures="0" tests="15" name="NinjaAutomation Test" time="328.649" errors="0" timestamp="2024-09-24T10:12:20 IST">
  <testcase classname="testcases.RegisterTest" name="verifyRegisteringAccount" time="16.847"/>
  <testcase classname="testcases.RegisterTest" name="verifyRegisterallFeilds" time="8.489"/>
  <testcase classname="testcases.RegisterTest" name="registeringWithExsistingEmail" time="6.915"/>
  <testcase classname="testcases.RegisterTest" name="registerWithNoDetails" time="4.845"/>
  <testcase classname="testcases.LoginTest" name="verifyLoginValidCred" time="7.274"/>
  <testcase classname="testcases.LoginTest" name="verifyLoginValidCred" time="8.681"/>
  <testcase classname="testcases.LoginTest" name="verifyLoginValidCred" time="6.351"/>
  <testcase classname="testcases.LoginTest" name="verifyLoginValidCred" time="8.343"/>
  <testcase classname="testcases.LoginTest" name="loginInvaildCred" time="9.887"/>
  <testcase classname="testcases.LoginTest" name="verifyLoginvalidemailInvalidPassword" time="2.288"/>
  <testcase classname="testcases.LoginTest" name="verifyLoginInvalidemailvalidPassword" time="4.318"/>
  <testcase classname="testcases.LoginTest" name="verifyLoginwithNoEmailandPass" time="3.89"/>
  <testcase classname="testcases.SearchTest" name="verifySearchWithVaildProduct" time="1.474"/>
  <testcase classname="testcases.SearchTest" name="verifySearchWithNonExixtingProd" time="0.974"/>
  <testcase classname="testcases.SearchTest" name="verifySearchWithOutProduct" time="0.589"/>
</testsuite> <!-- NinjaAutomation Test -->
