<?xml version="1.0" encoding="UTF-8"?>
<!-- Generated by org.testng.reporters.JUnitXMLReporter -->
<testsuite ignored="0" hostname="DESKTOP-5JG36RO" failures="0" tests="15" name="NinjaAutomation Test" time="236.989" errors="0" timestamp="2024-09-23T15:54:06 IST">
  <testcase classname="testcases.RegisterTest" name="verifyRegisteringAccount" time="2.073"/>
  <testcase classname="testcases.RegisterTest" name="verifyRegisterallFeilds" time="2.041"/>
  <testcase classname="testcases.RegisterTest" name="registeringWithExsistingEmail" time="1.617"/>
  <testcase classname="testcases.RegisterTest" name="registerWithNoDetails" time="0.786"/>
  <testcase classname="testcases.LoginTest" name="verifyLoginValidCred" time="2.759"/>
  <testcase classname="testcases.LoginTest" name="verifyLoginValidCred" time="2.536"/>
  <testcase classname="testcases.LoginTest" name="verifyLoginValidCred" time="3.263"/>
  <testcase classname="testcases.LoginTest" name="verifyLoginValidCred" time="9.84"/>
  <testcase classname="testcases.LoginTest" name="loginInvaildCred" time="8.674"/>
  <testcase classname="testcases.LoginTest" name="verifyLoginvalidemailInvalidPassword" time="7.477"/>
  <testcase classname="testcases.LoginTest" name="verifyLoginInvalidemailvalidPassword" time="1.53"/>
  <testcase classname="testcases.LoginTest" name="verifyLoginwithNoEmailandPass" time="0.842"/>
  <testcase classname="testcases.SearchTest" name="verifySearchWithVaildProduct" time="1.848"/>
  <testcase classname="testcases.SearchTest" name="verifySearchWithNonExixtingProd" time="0.902"/>
  <testcase classname="testcases.SearchTest" name="verifySearchWithOutProduct" time="0.723"/>
</testsuite> <!-- NinjaAutomation Test -->
