<?xml version="1.0" encoding="UTF-8"?>
<!-- Generated by org.testng.reporters.JUnitXMLReporter -->
<testsuite ignored="0" hostname="DESKTOP-5JG36RO" failures="0" tests="15" name="NinjaAutomation Test" time="198.503" errors="0" timestamp="2024-09-24T10:17:22 IST">
  <testcase classname="testcases.RegisterTest" name="verifyRegisteringAccount" time="2.616"/>
  <testcase classname="testcases.RegisterTest" name="verifyRegisterallFeilds" time="2.328"/>
  <testcase classname="testcases.RegisterTest" name="registeringWithExsistingEmail" time="1.404"/>
  <testcase classname="testcases.RegisterTest" name="registerWithNoDetails" time="1.784"/>
  <testcase classname="testcases.LoginTest" name="verifyLoginValidCred" time="2.245"/>
  <testcase classname="testcases.LoginTest" name="verifyLoginValidCred" time="2.282"/>
  <testcase classname="testcases.LoginTest" name="verifyLoginValidCred" time="4.608"/>
  <testcase classname="testcases.LoginTest" name="verifyLoginValidCred" time="3.164"/>
  <testcase classname="testcases.LoginTest" name="loginInvaildCred" time="3.642"/>
  <testcase classname="testcases.LoginTest" name="verifyLoginvalidemailInvalidPassword" time="2.168"/>
  <testcase classname="testcases.LoginTest" name="verifyLoginInvalidemailvalidPassword" time="2.38"/>
  <testcase classname="testcases.LoginTest" name="verifyLoginwithNoEmailandPass" time="2.524"/>
  <testcase classname="testcases.SearchTest" name="verifySearchWithVaildProduct" time="1.444"/>
  <testcase classname="testcases.SearchTest" name="verifySearchWithNonExixtingProd" time="0.868"/>
  <testcase classname="testcases.SearchTest" name="verifySearchWithOutProduct" time="0.592"/>
</testsuite> <!-- NinjaAutomation Test -->
