<?xml version="1.0" encoding="UTF-8"?>
<!-- Generated by org.testng.reporters.JUnitXMLReporter -->
<testsuite ignored="4" hostname="DESKTOP-5JG36RO" failures="0" tests="1" name="Default test" time="12.69" errors="0" timestamp="2024-09-23T11:52:02 IST">
  <testcase classname="testcases.LoginTest" name="verifyLoginwithNoEmailandPass" time="1.715"/>
  <testcase classname="testcases.LoginTest" name="verifyLoginvalidemailInvalidPassword" time="0.0">
    <ignored/>
  </testcase> <!-- verifyLoginvalidemailInvalidPassword -->
  <testcase classname="testcases.LoginTest" name="verifyLoginValidCred" time="0.0">
    <ignored/>
  </testcase> <!-- verifyLoginValidCred -->
  <testcase classname="testcases.LoginTest" name="loginInvaildCred" time="0.0">
    <ignored/>
  </testcase> <!-- loginInvaildCred -->
  <testcase classname="testcases.LoginTest" name="verifyLoginInvalidemailvalidPassword" time="0.0">
    <ignored/>
  </testcase> <!-- verifyLoginInvalidemailvalidPassword -->
</testsuite> <!-- Default test -->
