<?xml version="1.0" encoding="UTF-8"?>
<testng-results ignored="0" total="15" passed="15" failed="0" skipped="0">
  <reporter-output>
  </reporter-output>
  <suite started-at="2024-09-23T15:50:09 IST" name="TutorialNinjaAutomation Suite" finished-at="2024-09-23T15:54:06 IST" duration-ms="236989">
    <groups>
    </groups>
    <test started-at="2024-09-23T15:50:09 IST" name="NinjaAutomation Test" finished-at="2024-09-23T15:54:06 IST" duration-ms="236989">
      <class name="testcases.RegisterTest">
        <test-method is-config="true" signature="setup()[pri:0, instance:testcases.RegisterTest@5cee5251]" started-at="2024-09-23T15:50:10 IST" name="setup" finished-at="2024-09-23T15:50:20 IST" duration-ms="10353" status="PASS">
          <reporter-output>
          </reporter-output>
        </test-method> <!-- setup -->
        <test-method signature="verifyRegisteringAccount()[pri:1, instance:testcases.RegisterTest@5cee5251]" started-at="2024-09-23T15:50:20 IST" name="verifyRegisteringAccount" finished-at="2024-09-23T15:50:22 IST" duration-ms="2073" status="PASS">
          <reporter-output>
          </reporter-output>
        </test-method> <!-- verifyRegisteringAccount -->
        <test-method is-config="true" signature="teardown()[pri:0, instance:testcases.RegisterTest@5cee5251]" started-at="2024-09-23T15:50:22 IST" name="teardown" finished-at="2024-09-23T15:50:24 IST" duration-ms="2011" status="PASS">
          <reporter-output>
          </reporter-output>
        </test-method> <!-- teardown -->
        <test-method is-config="true" signature="setup()[pri:0, instance:testcases.RegisterTest@5cee5251]" started-at="2024-09-23T15:50:24 IST" name="setup" finished-at="2024-09-23T15:50:43 IST" duration-ms="19005" status="PASS">
          <reporter-output>
          </reporter-output>
        </test-method> <!-- setup -->
        <test-method signature="verifyRegisterallFeilds()[pri:2, instance:testcases.RegisterTest@5cee5251]" started-at="2024-09-23T15:50:43 IST" name="verifyRegisterallFeilds" finished-at="2024-09-23T15:50:45 IST" duration-ms="2041" status="PASS">
          <reporter-output>
          </reporter-output>
        </test-method> <!-- verifyRegisterallFeilds -->
        <test-method is-config="true" signature="teardown()[pri:0, instance:testcases.RegisterTest@5cee5251]" started-at="2024-09-23T15:50:45 IST" name="teardown" finished-at="2024-09-23T15:50:46 IST" duration-ms="402" status="PASS">
          <reporter-output>
          </reporter-output>
        </test-method> <!-- teardown -->
        <test-method is-config="true" signature="setup()[pri:0, instance:testcases.RegisterTest@5cee5251]" started-at="2024-09-23T15:50:46 IST" name="setup" finished-at="2024-09-23T15:51:00 IST" duration-ms="14062" status="PASS">
          <reporter-output>
          </reporter-output>
        </test-method> <!-- setup -->
        <test-method signature="registeringWithExsistingEmail()[pri:3, instance:testcases.RegisterTest@5cee5251]" started-at="2024-09-23T15:51:00 IST" name="registeringWithExsistingEmail" finished-at="2024-09-23T15:51:01 IST" duration-ms="1617" status="PASS">
          <reporter-output>
          </reporter-output>
        </test-method> <!-- registeringWithExsistingEmail -->
        <test-method is-config="true" signature="teardown()[pri:0, instance:testcases.RegisterTest@5cee5251]" started-at="2024-09-23T15:51:01 IST" name="teardown" finished-at="2024-09-23T15:51:02 IST" duration-ms="218" status="PASS">
          <reporter-output>
          </reporter-output>
        </test-method> <!-- teardown -->
        <test-method is-config="true" signature="setup()[pri:0, instance:testcases.RegisterTest@5cee5251]" started-at="2024-09-23T15:51:02 IST" name="setup" finished-at="2024-09-23T15:51:15 IST" duration-ms="12986" status="PASS">
          <reporter-output>
          </reporter-output>
        </test-method> <!-- setup -->
        <test-method signature="registerWithNoDetails()[pri:4, instance:testcases.RegisterTest@5cee5251]" started-at="2024-09-23T15:51:15 IST" name="registerWithNoDetails" finished-at="2024-09-23T15:51:15 IST" duration-ms="786" status="PASS">
          <reporter-output>
          </reporter-output>
        </test-method> <!-- registerWithNoDetails -->
        <test-method is-config="true" signature="teardown()[pri:0, instance:testcases.RegisterTest@5cee5251]" started-at="2024-09-23T15:51:15 IST" name="teardown" finished-at="2024-09-23T15:51:16 IST" duration-ms="288" status="PASS">
          <reporter-output>
          </reporter-output>
        </test-method> <!-- teardown -->
      </class> <!-- testcases.RegisterTest -->
      <class name="testcases.SearchTest">
        <test-method is-config="true" signature="setup()[pri:0, instance:testcases.SearchTest@17046283]" started-at="2024-09-23T15:53:27 IST" name="setup" finished-at="2024-09-23T15:53:37 IST" duration-ms="9991" status="PASS">
          <reporter-output>
          </reporter-output>
        </test-method> <!-- setup -->
        <test-method signature="verifySearchWithVaildProduct()[pri:1, instance:testcases.SearchTest@17046283]" started-at="2024-09-23T15:53:37 IST" name="verifySearchWithVaildProduct" finished-at="2024-09-23T15:53:39 IST" duration-ms="1848" status="PASS">
          <reporter-output>
          </reporter-output>
        </test-method> <!-- verifySearchWithVaildProduct -->
        <test-method is-config="true" signature="tearDown()[pri:0, instance:testcases.SearchTest@17046283]" started-at="2024-09-23T15:53:39 IST" name="tearDown" finished-at="2024-09-23T15:53:39 IST" duration-ms="292" status="PASS">
          <reporter-output>
          </reporter-output>
        </test-method> <!-- tearDown -->
        <test-method is-config="true" signature="setup()[pri:0, instance:testcases.SearchTest@17046283]" started-at="2024-09-23T15:53:39 IST" name="setup" finished-at="2024-09-23T15:53:49 IST" duration-ms="10151" status="PASS">
          <reporter-output>
          </reporter-output>
        </test-method> <!-- setup -->
        <test-method signature="verifySearchWithNonExixtingProd()[pri:2, instance:testcases.SearchTest@17046283]" started-at="2024-09-23T15:53:49 IST" name="verifySearchWithNonExixtingProd" finished-at="2024-09-23T15:53:50 IST" duration-ms="902" status="PASS">
          <reporter-output>
          </reporter-output>
        </test-method> <!-- verifySearchWithNonExixtingProd -->
        <test-method is-config="true" signature="tearDown()[pri:0, instance:testcases.SearchTest@17046283]" started-at="2024-09-23T15:53:50 IST" name="tearDown" finished-at="2024-09-23T15:53:50 IST" duration-ms="189" status="PASS">
          <reporter-output>
          </reporter-output>
        </test-method> <!-- tearDown -->
        <test-method is-config="true" signature="setup()[pri:0, instance:testcases.SearchTest@17046283]" started-at="2024-09-23T15:53:50 IST" name="setup" finished-at="2024-09-23T15:54:05 IST" duration-ms="14788" status="PASS">
          <reporter-output>
          </reporter-output>
        </test-method> <!-- setup -->
        <test-method signature="verifySearchWithOutProduct()[pri:3, instance:testcases.SearchTest@17046283]" started-at="2024-09-23T15:54:05 IST" name="verifySearchWithOutProduct" finished-at="2024-09-23T15:54:06 IST" duration-ms="723" status="PASS">
          <reporter-output>
          </reporter-output>
        </test-method> <!-- verifySearchWithOutProduct -->
        <test-method is-config="true" signature="tearDown()[pri:0, instance:testcases.SearchTest@17046283]" started-at="2024-09-23T15:54:06 IST" name="tearDown" finished-at="2024-09-23T15:54:06 IST" duration-ms="275" status="PASS">
          <reporter-output>
          </reporter-output>
        </test-method> <!-- tearDown -->
      </class> <!-- testcases.SearchTest -->
      <class name="testcases.LoginTest">
        <test-method is-config="true" signature="setup()[pri:0, instance:testcases.LoginTest@70e8f8e]" started-at="2024-09-23T15:51:17 IST" name="setup" finished-at="2024-09-23T15:51:28 IST" duration-ms="10495" status="PASS">
          <reporter-output>
          </reporter-output>
        </test-method> <!-- setup -->
        <test-method signature="verifyLoginValidCred(java.lang.String,java.lang.String)[pri:1, instance:testcases.LoginTest@70e8f8e]" started-at="2024-09-23T15:51:28 IST" name="verifyLoginValidCred" data-provider="supplyTestData" finished-at="2024-09-23T15:51:31 IST" duration-ms="2759" status="PASS">
          <params>
            <param index="0">
              <value>
                <![CDATA[assf1@gmail.com]]>
              </value>
            </param>
            <param index="1">
              <value>
                <![CDATA[12345]]>
              </value>
            </param>
          </params>
          <reporter-output>
          </reporter-output>
        </test-method> <!-- verifyLoginValidCred -->
        <test-method is-config="true" signature="teardown()[pri:0, instance:testcases.LoginTest@70e8f8e]" started-at="2024-09-23T15:51:31 IST" name="teardown" finished-at="2024-09-23T15:51:31 IST" duration-ms="929" status="PASS">
          <reporter-output>
          </reporter-output>
        </test-method> <!-- teardown -->
        <test-method is-config="true" signature="setup()[pri:0, instance:testcases.LoginTest@70e8f8e]" started-at="2024-09-23T15:51:31 IST" name="setup" finished-at="2024-09-23T15:51:41 IST" duration-ms="9638" status="PASS">
          <reporter-output>
          </reporter-output>
        </test-method> <!-- setup -->
        <test-method signature="verifyLoginValidCred(java.lang.String,java.lang.String)[pri:1, instance:testcases.LoginTest@70e8f8e]" started-at="2024-09-23T15:51:41 IST" name="verifyLoginValidCred" data-provider="supplyTestData" finished-at="2024-09-23T15:51:44 IST" duration-ms="2536" status="PASS">
          <params>
            <param index="0">
              <value>
                <![CDATA[assf2@gmail.com]]>
              </value>
            </param>
            <param index="1">
              <value>
                <![CDATA[12345]]>
              </value>
            </param>
          </params>
          <reporter-output>
          </reporter-output>
        </test-method> <!-- verifyLoginValidCred -->
        <test-method is-config="true" signature="teardown()[pri:0, instance:testcases.LoginTest@70e8f8e]" started-at="2024-09-23T15:51:44 IST" name="teardown" finished-at="2024-09-23T15:51:44 IST" duration-ms="227" status="PASS">
          <reporter-output>
          </reporter-output>
        </test-method> <!-- teardown -->
        <test-method is-config="true" signature="setup()[pri:0, instance:testcases.LoginTest@70e8f8e]" started-at="2024-09-23T15:51:44 IST" name="setup" finished-at="2024-09-23T15:51:56 IST" duration-ms="11630" status="PASS">
          <reporter-output>
          </reporter-output>
        </test-method> <!-- setup -->
        <test-method signature="verifyLoginValidCred(java.lang.String,java.lang.String)[pri:1, instance:testcases.LoginTest@70e8f8e]" started-at="2024-09-23T15:51:56 IST" name="verifyLoginValidCred" data-provider="supplyTestData" finished-at="2024-09-23T15:51:59 IST" duration-ms="3263" status="PASS">
          <params>
            <param index="0">
              <value>
                <![CDATA[assf3@gmail.com]]>
              </value>
            </param>
            <param index="1">
              <value>
                <![CDATA[12345]]>
              </value>
            </param>
          </params>
          <reporter-output>
          </reporter-output>
        </test-method> <!-- verifyLoginValidCred -->
        <test-method is-config="true" signature="teardown()[pri:0, instance:testcases.LoginTest@70e8f8e]" started-at="2024-09-23T15:51:59 IST" name="teardown" finished-at="2024-09-23T15:51:59 IST" duration-ms="310" status="PASS">
          <reporter-output>
          </reporter-output>
        </test-method> <!-- teardown -->
        <test-method is-config="true" signature="setup()[pri:0, instance:testcases.LoginTest@70e8f8e]" started-at="2024-09-23T15:51:59 IST" name="setup" finished-at="2024-09-23T15:52:09 IST" duration-ms="9769" status="PASS">
          <reporter-output>
          </reporter-output>
        </test-method> <!-- setup -->
        <test-method signature="verifyLoginValidCred(java.lang.String,java.lang.String)[pri:1, instance:testcases.LoginTest@70e8f8e]" started-at="2024-09-23T15:52:09 IST" name="verifyLoginValidCred" data-provider="supplyTestData" finished-at="2024-09-23T15:52:19 IST" duration-ms="9840" status="PASS">
          <params>
            <param index="0">
              <value>
                <![CDATA[assf4@gmail.com]]>
              </value>
            </param>
            <param index="1">
              <value>
                <![CDATA[12345]]>
              </value>
            </param>
          </params>
          <reporter-output>
          </reporter-output>
        </test-method> <!-- verifyLoginValidCred -->
        <test-method is-config="true" signature="teardown()[pri:0, instance:testcases.LoginTest@70e8f8e]" started-at="2024-09-23T15:52:19 IST" name="teardown" finished-at="2024-09-23T15:52:19 IST" duration-ms="610" status="PASS">
          <reporter-output>
          </reporter-output>
        </test-method> <!-- teardown -->
        <test-method is-config="true" signature="setup()[pri:0, instance:testcases.LoginTest@70e8f8e]" started-at="2024-09-23T15:52:19 IST" name="setup" finished-at="2024-09-23T15:52:29 IST" duration-ms="9297" status="PASS">
          <reporter-output>
          </reporter-output>
        </test-method> <!-- setup -->
        <test-method signature="loginInvaildCred()[pri:2, instance:testcases.LoginTest@70e8f8e]" started-at="2024-09-23T15:52:29 IST" name="loginInvaildCred" finished-at="2024-09-23T15:52:37 IST" duration-ms="8674" status="PASS">
          <reporter-output>
          </reporter-output>
        </test-method> <!-- loginInvaildCred -->
        <test-method is-config="true" signature="teardown()[pri:0, instance:testcases.LoginTest@70e8f8e]" started-at="2024-09-23T15:52:37 IST" name="teardown" finished-at="2024-09-23T15:52:38 IST" duration-ms="569" status="PASS">
          <reporter-output>
          </reporter-output>
        </test-method> <!-- teardown -->
        <test-method is-config="true" signature="setup()[pri:0, instance:testcases.LoginTest@70e8f8e]" started-at="2024-09-23T15:52:38 IST" name="setup" finished-at="2024-09-23T15:52:46 IST" duration-ms="8485" status="PASS">
          <reporter-output>
          </reporter-output>
        </test-method> <!-- setup -->
        <test-method signature="verifyLoginvalidemailInvalidPassword()[pri:3, instance:testcases.LoginTest@70e8f8e]" started-at="2024-09-23T15:52:46 IST" name="verifyLoginvalidemailInvalidPassword" finished-at="2024-09-23T15:52:54 IST" duration-ms="7477" status="PASS">
          <reporter-output>
          </reporter-output>
        </test-method> <!-- verifyLoginvalidemailInvalidPassword -->
        <test-method is-config="true" signature="teardown()[pri:0, instance:testcases.LoginTest@70e8f8e]" started-at="2024-09-23T15:52:54 IST" name="teardown" finished-at="2024-09-23T15:52:54 IST" duration-ms="640" status="PASS">
          <reporter-output>
          </reporter-output>
        </test-method> <!-- teardown -->
        <test-method is-config="true" signature="setup()[pri:0, instance:testcases.LoginTest@70e8f8e]" started-at="2024-09-23T15:52:54 IST" name="setup" finished-at="2024-09-23T15:53:11 IST" duration-ms="16428" status="PASS">
          <reporter-output>
          </reporter-output>
        </test-method> <!-- setup -->
        <test-method signature="verifyLoginInvalidemailvalidPassword()[pri:4, instance:testcases.LoginTest@70e8f8e]" started-at="2024-09-23T15:53:11 IST" name="verifyLoginInvalidemailvalidPassword" finished-at="2024-09-23T15:53:12 IST" duration-ms="1530" status="PASS">
          <reporter-output>
          </reporter-output>
        </test-method> <!-- verifyLoginInvalidemailvalidPassword -->
        <test-method is-config="true" signature="teardown()[pri:0, instance:testcases.LoginTest@70e8f8e]" started-at="2024-09-23T15:53:12 IST" name="teardown" finished-at="2024-09-23T15:53:13 IST" duration-ms="266" status="PASS">
          <reporter-output>
          </reporter-output>
        </test-method> <!-- teardown -->
        <test-method is-config="true" signature="setup()[pri:0, instance:testcases.LoginTest@70e8f8e]" started-at="2024-09-23T15:53:13 IST" name="setup" finished-at="2024-09-23T15:53:26 IST" duration-ms="12946" status="PASS">
          <reporter-output>
          </reporter-output>
        </test-method> <!-- setup -->
        <test-method signature="verifyLoginwithNoEmailandPass()[pri:5, instance:testcases.LoginTest@70e8f8e]" started-at="2024-09-23T15:53:26 IST" name="verifyLoginwithNoEmailandPass" finished-at="2024-09-23T15:53:26 IST" duration-ms="842" status="PASS">
          <reporter-output>
          </reporter-output>
        </test-method> <!-- verifyLoginwithNoEmailandPass -->
        <test-method is-config="true" signature="teardown()[pri:0, instance:testcases.LoginTest@70e8f8e]" started-at="2024-09-23T15:53:26 IST" name="teardown" finished-at="2024-09-23T15:53:27 IST" duration-ms="228" status="PASS">
          <reporter-output>
          </reporter-output>
        </test-method> <!-- teardown -->
      </class> <!-- testcases.LoginTest -->
    </test> <!-- NinjaAutomation Test -->
  </suite> <!-- TutorialNinjaAutomation Suite -->
</testng-results>
