<?xml version="1.0" encoding="UTF-8"?>
<testng-results ignored="0" total="15" passed="15" failed="0" skipped="0">
  <reporter-output>
  </reporter-output>
  <suite started-at="2024-09-24T10:14:03 IST" name="TutorialNinjaAutomation Suite" finished-at="2024-09-24T10:17:22 IST" duration-ms="198503">
    <groups>
    </groups>
    <test started-at="2024-09-24T10:14:03 IST" name="NinjaAutomation Test" finished-at="2024-09-24T10:17:22 IST" duration-ms="198503">
      <class name="testcases.RegisterTest">
        <test-method is-config="true" signature="setup()[pri:0, instance:testcases.RegisterTest@429bffaa]" started-at="2024-09-24T10:14:04 IST" name="setup" finished-at="2024-09-24T10:14:15 IST" duration-ms="10853" status="PASS">
          <reporter-output>
          </reporter-output>
        </test-method> <!-- setup -->
        <test-method signature="verifyRegisteringAccount()[pri:1, instance:testcases.RegisterTest@429bffaa]" started-at="2024-09-24T10:14:15 IST" name="verifyRegisteringAccount" finished-at="2024-09-24T10:14:18 IST" duration-ms="2616" status="PASS">
          <reporter-output>
          </reporter-output>
        </test-method> <!-- verifyRegisteringAccount -->
        <test-method is-config="true" signature="teardown()[pri:0, instance:testcases.RegisterTest@429bffaa]" started-at="2024-09-24T10:14:18 IST" name="teardown" finished-at="2024-09-24T10:14:19 IST" duration-ms="964" status="PASS">
          <reporter-output>
          </reporter-output>
        </test-method> <!-- teardown -->
        <test-method is-config="true" signature="setup()[pri:0, instance:testcases.RegisterTest@429bffaa]" started-at="2024-09-24T10:14:19 IST" name="setup" finished-at="2024-09-24T10:14:28 IST" duration-ms="9061" status="PASS">
          <reporter-output>
          </reporter-output>
        </test-method> <!-- setup -->
        <test-method signature="verifyRegisterallFeilds()[pri:2, instance:testcases.RegisterTest@429bffaa]" started-at="2024-09-24T10:14:28 IST" name="verifyRegisterallFeilds" finished-at="2024-09-24T10:14:30 IST" duration-ms="2328" status="PASS">
          <reporter-output>
          </reporter-output>
        </test-method> <!-- verifyRegisterallFeilds -->
        <test-method is-config="true" signature="teardown()[pri:0, instance:testcases.RegisterTest@429bffaa]" started-at="2024-09-24T10:14:30 IST" name="teardown" finished-at="2024-09-24T10:14:31 IST" duration-ms="240" status="PASS">
          <reporter-output>
          </reporter-output>
        </test-method> <!-- teardown -->
        <test-method is-config="true" signature="setup()[pri:0, instance:testcases.RegisterTest@429bffaa]" started-at="2024-09-24T10:14:31 IST" name="setup" finished-at="2024-09-24T10:14:40 IST" duration-ms="9249" status="PASS">
          <reporter-output>
          </reporter-output>
        </test-method> <!-- setup -->
        <test-method signature="registeringWithExsistingEmail()[pri:3, instance:testcases.RegisterTest@429bffaa]" started-at="2024-09-24T10:14:40 IST" name="registeringWithExsistingEmail" finished-at="2024-09-24T10:14:41 IST" duration-ms="1404" status="PASS">
          <reporter-output>
          </reporter-output>
        </test-method> <!-- registeringWithExsistingEmail -->
        <test-method is-config="true" signature="teardown()[pri:0, instance:testcases.RegisterTest@429bffaa]" started-at="2024-09-24T10:14:41 IST" name="teardown" finished-at="2024-09-24T10:14:42 IST" duration-ms="307" status="PASS">
          <reporter-output>
          </reporter-output>
        </test-method> <!-- teardown -->
        <test-method is-config="true" signature="setup()[pri:0, instance:testcases.RegisterTest@429bffaa]" started-at="2024-09-24T10:14:42 IST" name="setup" finished-at="2024-09-24T10:14:52 IST" duration-ms="10366" status="PASS">
          <reporter-output>
          </reporter-output>
        </test-method> <!-- setup -->
        <test-method signature="registerWithNoDetails()[pri:4, instance:testcases.RegisterTest@429bffaa]" started-at="2024-09-24T10:14:52 IST" name="registerWithNoDetails" finished-at="2024-09-24T10:14:54 IST" duration-ms="1784" status="PASS">
          <reporter-output>
          </reporter-output>
        </test-method> <!-- registerWithNoDetails -->
        <test-method is-config="true" signature="teardown()[pri:0, instance:testcases.RegisterTest@429bffaa]" started-at="2024-09-24T10:14:54 IST" name="teardown" finished-at="2024-09-24T10:14:54 IST" duration-ms="241" status="PASS">
          <reporter-output>
          </reporter-output>
        </test-method> <!-- teardown -->
      </class> <!-- testcases.RegisterTest -->
      <class name="testcases.LoginTest">
        <test-method is-config="true" signature="setup()[pri:0, instance:testcases.LoginTest@21e360a]" started-at="2024-09-24T10:14:55 IST" name="setup" finished-at="2024-09-24T10:15:05 IST" duration-ms="10298" status="PASS">
          <reporter-output>
          </reporter-output>
        </test-method> <!-- setup -->
        <test-method signature="verifyLoginValidCred(java.lang.String,java.lang.String)[pri:1, instance:testcases.LoginTest@21e360a]" started-at="2024-09-24T10:15:05 IST" name="verifyLoginValidCred" data-provider="supplyTestData" finished-at="2024-09-24T10:15:08 IST" duration-ms="2245" status="PASS">
          <params>
            <param index="0">
              <value>
                <![CDATA[assf1@gmail.com]]>
              </value>
            </param>
            <param index="1">
              <value>
                <![CDATA[12345]]>
              </value>
            </param>
          </params>
          <reporter-output>
          </reporter-output>
        </test-method> <!-- verifyLoginValidCred -->
        <test-method is-config="true" signature="teardown()[pri:0, instance:testcases.LoginTest@21e360a]" started-at="2024-09-24T10:15:08 IST" name="teardown" finished-at="2024-09-24T10:15:08 IST" duration-ms="463" status="PASS">
          <reporter-output>
          </reporter-output>
        </test-method> <!-- teardown -->
        <test-method is-config="true" signature="setup()[pri:0, instance:testcases.LoginTest@21e360a]" started-at="2024-09-24T10:15:08 IST" name="setup" finished-at="2024-09-24T10:15:19 IST" duration-ms="11025" status="PASS">
          <reporter-output>
          </reporter-output>
        </test-method> <!-- setup -->
        <test-method signature="verifyLoginValidCred(java.lang.String,java.lang.String)[pri:1, instance:testcases.LoginTest@21e360a]" started-at="2024-09-24T10:15:19 IST" name="verifyLoginValidCred" data-provider="supplyTestData" finished-at="2024-09-24T10:15:21 IST" duration-ms="2282" status="PASS">
          <params>
            <param index="0">
              <value>
                <![CDATA[assf2@gmail.com]]>
              </value>
            </param>
            <param index="1">
              <value>
                <![CDATA[12345]]>
              </value>
            </param>
          </params>
          <reporter-output>
          </reporter-output>
        </test-method> <!-- verifyLoginValidCred -->
        <test-method is-config="true" signature="teardown()[pri:0, instance:testcases.LoginTest@21e360a]" started-at="2024-09-24T10:15:21 IST" name="teardown" finished-at="2024-09-24T10:15:22 IST" duration-ms="554" status="PASS">
          <reporter-output>
          </reporter-output>
        </test-method> <!-- teardown -->
        <test-method is-config="true" signature="setup()[pri:0, instance:testcases.LoginTest@21e360a]" started-at="2024-09-24T10:15:22 IST" name="setup" finished-at="2024-09-24T10:15:31 IST" duration-ms="8679" status="PASS">
          <reporter-output>
          </reporter-output>
        </test-method> <!-- setup -->
        <test-method signature="verifyLoginValidCred(java.lang.String,java.lang.String)[pri:1, instance:testcases.LoginTest@21e360a]" started-at="2024-09-24T10:15:31 IST" name="verifyLoginValidCred" data-provider="supplyTestData" finished-at="2024-09-24T10:15:35 IST" duration-ms="4608" status="PASS">
          <params>
            <param index="0">
              <value>
                <![CDATA[assf3@gmail.com]]>
              </value>
            </param>
            <param index="1">
              <value>
                <![CDATA[12345]]>
              </value>
            </param>
          </params>
          <reporter-output>
          </reporter-output>
        </test-method> <!-- verifyLoginValidCred -->
        <test-method is-config="true" signature="teardown()[pri:0, instance:testcases.LoginTest@21e360a]" started-at="2024-09-24T10:15:35 IST" name="teardown" finished-at="2024-09-24T10:15:36 IST" duration-ms="302" status="PASS">
          <reporter-output>
          </reporter-output>
        </test-method> <!-- teardown -->
        <test-method is-config="true" signature="setup()[pri:0, instance:testcases.LoginTest@21e360a]" started-at="2024-09-24T10:15:36 IST" name="setup" finished-at="2024-09-24T10:15:46 IST" duration-ms="10614" status="PASS">
          <reporter-output>
          </reporter-output>
        </test-method> <!-- setup -->
        <test-method signature="verifyLoginValidCred(java.lang.String,java.lang.String)[pri:1, instance:testcases.LoginTest@21e360a]" started-at="2024-09-24T10:15:46 IST" name="verifyLoginValidCred" data-provider="supplyTestData" finished-at="2024-09-24T10:15:49 IST" duration-ms="3164" status="PASS">
          <params>
            <param index="0">
              <value>
                <![CDATA[assf4@gmail.com]]>
              </value>
            </param>
            <param index="1">
              <value>
                <![CDATA[12345]]>
              </value>
            </param>
          </params>
          <reporter-output>
          </reporter-output>
        </test-method> <!-- verifyLoginValidCred -->
        <test-method is-config="true" signature="teardown()[pri:0, instance:testcases.LoginTest@21e360a]" started-at="2024-09-24T10:15:49 IST" name="teardown" finished-at="2024-09-24T10:15:50 IST" duration-ms="548" status="PASS">
          <reporter-output>
          </reporter-output>
        </test-method> <!-- teardown -->
        <test-method is-config="true" signature="setup()[pri:0, instance:testcases.LoginTest@21e360a]" started-at="2024-09-24T10:15:50 IST" name="setup" finished-at="2024-09-24T10:16:01 IST" duration-ms="11136" status="PASS">
          <reporter-output>
          </reporter-output>
        </test-method> <!-- setup -->
        <test-method signature="loginInvaildCred()[pri:2, instance:testcases.LoginTest@21e360a]" started-at="2024-09-24T10:16:01 IST" name="loginInvaildCred" finished-at="2024-09-24T10:16:05 IST" duration-ms="3642" status="PASS">
          <reporter-output>
          </reporter-output>
        </test-method> <!-- loginInvaildCred -->
        <test-method is-config="true" signature="teardown()[pri:0, instance:testcases.LoginTest@21e360a]" started-at="2024-09-24T10:16:05 IST" name="teardown" finished-at="2024-09-24T10:16:05 IST" duration-ms="281" status="PASS">
          <reporter-output>
          </reporter-output>
        </test-method> <!-- teardown -->
        <test-method is-config="true" signature="setup()[pri:0, instance:testcases.LoginTest@21e360a]" started-at="2024-09-24T10:16:05 IST" name="setup" finished-at="2024-09-24T10:16:15 IST" duration-ms="10023" status="PASS">
          <reporter-output>
          </reporter-output>
        </test-method> <!-- setup -->
        <test-method signature="verifyLoginvalidemailInvalidPassword()[pri:3, instance:testcases.LoginTest@21e360a]" started-at="2024-09-24T10:16:15 IST" name="verifyLoginvalidemailInvalidPassword" finished-at="2024-09-24T10:16:17 IST" duration-ms="2168" status="PASS">
          <reporter-output>
          </reporter-output>
        </test-method> <!-- verifyLoginvalidemailInvalidPassword -->
        <test-method is-config="true" signature="teardown()[pri:0, instance:testcases.LoginTest@21e360a]" started-at="2024-09-24T10:16:17 IST" name="teardown" finished-at="2024-09-24T10:16:17 IST" duration-ms="208" status="PASS">
          <reporter-output>
          </reporter-output>
        </test-method> <!-- teardown -->
        <test-method is-config="true" signature="setup()[pri:0, instance:testcases.LoginTest@21e360a]" started-at="2024-09-24T10:16:17 IST" name="setup" finished-at="2024-09-24T10:16:28 IST" duration-ms="10375" status="PASS">
          <reporter-output>
          </reporter-output>
        </test-method> <!-- setup -->
        <test-method signature="verifyLoginInvalidemailvalidPassword()[pri:4, instance:testcases.LoginTest@21e360a]" started-at="2024-09-24T10:16:28 IST" name="verifyLoginInvalidemailvalidPassword" finished-at="2024-09-24T10:16:30 IST" duration-ms="2380" status="PASS">
          <reporter-output>
          </reporter-output>
        </test-method> <!-- verifyLoginInvalidemailvalidPassword -->
        <test-method is-config="true" signature="teardown()[pri:0, instance:testcases.LoginTest@21e360a]" started-at="2024-09-24T10:16:30 IST" name="teardown" finished-at="2024-09-24T10:16:30 IST" duration-ms="317" status="PASS">
          <reporter-output>
          </reporter-output>
        </test-method> <!-- teardown -->
        <test-method is-config="true" signature="setup()[pri:0, instance:testcases.LoginTest@21e360a]" started-at="2024-09-24T10:16:30 IST" name="setup" finished-at="2024-09-24T10:16:41 IST" duration-ms="10192" status="PASS">
          <reporter-output>
          </reporter-output>
        </test-method> <!-- setup -->
        <test-method signature="verifyLoginwithNoEmailandPass()[pri:5, instance:testcases.LoginTest@21e360a]" started-at="2024-09-24T10:16:41 IST" name="verifyLoginwithNoEmailandPass" finished-at="2024-09-24T10:16:43 IST" duration-ms="2524" status="PASS">
          <reporter-output>
          </reporter-output>
        </test-method> <!-- verifyLoginwithNoEmailandPass -->
        <test-method is-config="true" signature="teardown()[pri:0, instance:testcases.LoginTest@21e360a]" started-at="2024-09-24T10:16:43 IST" name="teardown" finished-at="2024-09-24T10:16:44 IST" duration-ms="436" status="PASS">
          <reporter-output>
          </reporter-output>
        </test-method> <!-- teardown -->
      </class> <!-- testcases.LoginTest -->
      <class name="testcases.SearchTest">
        <test-method is-config="true" signature="setup()[pri:0, instance:testcases.SearchTest@5ba3f27a]" started-at="2024-09-24T10:16:44 IST" name="setup" finished-at="2024-09-24T10:16:52 IST" duration-ms="8267" status="PASS">
          <reporter-output>
          </reporter-output>
        </test-method> <!-- setup -->
        <test-method signature="verifySearchWithVaildProduct()[pri:1, instance:testcases.SearchTest@5ba3f27a]" started-at="2024-09-24T10:16:52 IST" name="verifySearchWithVaildProduct" finished-at="2024-09-24T10:16:53 IST" duration-ms="1444" status="PASS">
          <reporter-output>
          </reporter-output>
        </test-method> <!-- verifySearchWithVaildProduct -->
        <test-method is-config="true" signature="tearDown()[pri:0, instance:testcases.SearchTest@5ba3f27a]" started-at="2024-09-24T10:16:53 IST" name="tearDown" finished-at="2024-09-24T10:16:54 IST" duration-ms="498" status="PASS">
          <reporter-output>
          </reporter-output>
        </test-method> <!-- tearDown -->
        <test-method is-config="true" signature="setup()[pri:0, instance:testcases.SearchTest@5ba3f27a]" started-at="2024-09-24T10:16:54 IST" name="setup" finished-at="2024-09-24T10:17:07 IST" duration-ms="12942" status="PASS">
          <reporter-output>
          </reporter-output>
        </test-method> <!-- setup -->
        <test-method signature="verifySearchWithNonExixtingProd()[pri:2, instance:testcases.SearchTest@5ba3f27a]" started-at="2024-09-24T10:17:07 IST" name="verifySearchWithNonExixtingProd" finished-at="2024-09-24T10:17:08 IST" duration-ms="868" status="PASS">
          <reporter-output>
          </reporter-output>
        </test-method> <!-- verifySearchWithNonExixtingProd -->
        <test-method is-config="true" signature="tearDown()[pri:0, instance:testcases.SearchTest@5ba3f27a]" started-at="2024-09-24T10:17:08 IST" name="tearDown" finished-at="2024-09-24T10:17:09 IST" duration-ms="1422" status="PASS">
          <reporter-output>
          </reporter-output>
        </test-method> <!-- tearDown -->
        <test-method is-config="true" signature="setup()[pri:0, instance:testcases.SearchTest@5ba3f27a]" started-at="2024-09-24T10:17:09 IST" name="setup" finished-at="2024-09-24T10:17:21 IST" duration-ms="11499" status="PASS">
          <reporter-output>
          </reporter-output>
        </test-method> <!-- setup -->
        <test-method signature="verifySearchWithOutProduct()[pri:3, instance:testcases.SearchTest@5ba3f27a]" started-at="2024-09-24T10:17:21 IST" name="verifySearchWithOutProduct" finished-at="2024-09-24T10:17:21 IST" duration-ms="592" status="PASS">
          <reporter-output>
          </reporter-output>
        </test-method> <!-- verifySearchWithOutProduct -->
        <test-method is-config="true" signature="tearDown()[pri:0, instance:testcases.SearchTest@5ba3f27a]" started-at="2024-09-24T10:17:21 IST" name="tearDown" finished-at="2024-09-24T10:17:22 IST" duration-ms="821" status="PASS">
          <reporter-output>
          </reporter-output>
        </test-method> <!-- tearDown -->
      </class> <!-- testcases.SearchTest -->
    </test> <!-- NinjaAutomation Test -->
  </suite> <!-- TutorialNinjaAutomation Suite -->
</testng-results>
