<?xml version="1.0" encoding="UTF-8"?>
<testng-results ignored="0" total="1" passed="1" failed="0" skipped="0">
  <reporter-output>
  </reporter-output>
  <suite started-at="2024-09-23T11:51:49 IST" name="Default suite" finished-at="2024-09-23T11:52:02 IST" duration-ms="12690">
    <groups>
    </groups>
    <test started-at="2024-09-23T11:51:49 IST" name="Default test" finished-at="2024-09-23T11:52:02 IST" duration-ms="12690">
      <class name="testcases.LoginTest">
        <test-method is-config="true" signature="setup()[pri:0, instance:testcases.LoginTest@6d4d66d2]" started-at="2024-09-23T11:51:49 IST" name="setup" finished-at="2024-09-23T11:51:59 IST" duration-ms="9636" status="PASS">
          <reporter-output>
          </reporter-output>
        </test-method> <!-- setup -->
        <test-method signature="verifyLoginwithNoEmailandPass()[pri:5, instance:testcases.LoginTest@6d4d66d2]" started-at="2024-09-23T11:51:59 IST" name="verifyLoginwithNoEmailandPass" finished-at="2024-09-23T11:52:00 IST" duration-ms="1715" status="PASS">
          <reporter-output>
          </reporter-output>
        </test-method> <!-- verifyLoginwithNoEmailandPass -->
        <test-method is-config="true" signature="teardown()[pri:0, instance:testcases.LoginTest@6d4d66d2]" started-at="2024-09-23T11:52:00 IST" name="teardown" finished-at="2024-09-23T11:52:02 IST" duration-ms="1276" status="PASS">
          <reporter-output>
          </reporter-output>
        </test-method> <!-- teardown -->
      </class> <!-- testcases.LoginTest -->
    </test> <!-- Default test -->
  </suite> <!-- Default suite -->
</testng-results>
