<?xml version="1.0" encoding="UTF-8"?>
<testng-results ignored="0" total="15" passed="15" failed="0" skipped="0">
  <reporter-output>
  </reporter-output>
  <suite started-at="2024-09-24T10:06:51 IST" name="TutorialNinjaAutomation Suite" finished-at="2024-09-24T10:12:20 IST" duration-ms="328649">
    <groups>
    </groups>
    <test started-at="2024-09-24T10:06:51 IST" name="NinjaAutomation Test" finished-at="2024-09-24T10:12:20 IST" duration-ms="328649">
      <class name="testcases.RegisterTest">
        <test-method is-config="true" signature="setup()[pri:0, instance:testcases.RegisterTest@1530c739]" started-at="2024-09-24T10:06:56 IST" name="setup" finished-at="2024-09-24T10:08:06 IST" duration-ms="70578" status="PASS">
          <reporter-output>
          </reporter-output>
        </test-method> <!-- setup -->
        <test-method signature="verifyRegisteringAccount()[pri:1, instance:testcases.RegisterTest@1530c739]" started-at="2024-09-24T10:08:06 IST" name="verifyRegisteringAccount" finished-at="2024-09-24T10:08:23 IST" duration-ms="16847" status="PASS">
          <reporter-output>
          </reporter-output>
        </test-method> <!-- verifyRegisteringAccount -->
        <test-method is-config="true" signature="teardown()[pri:0, instance:testcases.RegisterTest@1530c739]" started-at="2024-09-24T10:08:23 IST" name="teardown" finished-at="2024-09-24T10:08:24 IST" duration-ms="638" status="PASS">
          <reporter-output>
          </reporter-output>
        </test-method> <!-- teardown -->
        <test-method is-config="true" signature="setup()[pri:0, instance:testcases.RegisterTest@1530c739]" started-at="2024-09-24T10:08:24 IST" name="setup" finished-at="2024-09-24T10:08:40 IST" duration-ms="15855" status="PASS">
          <reporter-output>
          </reporter-output>
        </test-method> <!-- setup -->
        <test-method signature="verifyRegisterallFeilds()[pri:2, instance:testcases.RegisterTest@1530c739]" started-at="2024-09-24T10:08:40 IST" name="verifyRegisterallFeilds" finished-at="2024-09-24T10:08:48 IST" duration-ms="8489" status="PASS">
          <reporter-output>
          </reporter-output>
        </test-method> <!-- verifyRegisterallFeilds -->
        <test-method is-config="true" signature="teardown()[pri:0, instance:testcases.RegisterTest@1530c739]" started-at="2024-09-24T10:08:48 IST" name="teardown" finished-at="2024-09-24T10:08:49 IST" duration-ms="278" status="PASS">
          <reporter-output>
          </reporter-output>
        </test-method> <!-- teardown -->
        <test-method is-config="true" signature="setup()[pri:0, instance:testcases.RegisterTest@1530c739]" started-at="2024-09-24T10:08:49 IST" name="setup" finished-at="2024-09-24T10:09:01 IST" duration-ms="12025" status="PASS">
          <reporter-output>
          </reporter-output>
        </test-method> <!-- setup -->
        <test-method signature="registeringWithExsistingEmail()[pri:3, instance:testcases.RegisterTest@1530c739]" started-at="2024-09-24T10:09:01 IST" name="registeringWithExsistingEmail" finished-at="2024-09-24T10:09:08 IST" duration-ms="6915" status="PASS">
          <reporter-output>
          </reporter-output>
        </test-method> <!-- registeringWithExsistingEmail -->
        <test-method is-config="true" signature="teardown()[pri:0, instance:testcases.RegisterTest@1530c739]" started-at="2024-09-24T10:09:08 IST" name="teardown" finished-at="2024-09-24T10:09:08 IST" duration-ms="300" status="PASS">
          <reporter-output>
          </reporter-output>
        </test-method> <!-- teardown -->
        <test-method is-config="true" signature="setup()[pri:0, instance:testcases.RegisterTest@1530c739]" started-at="2024-09-24T10:09:08 IST" name="setup" finished-at="2024-09-24T10:09:17 IST" duration-ms="9469" status="PASS">
          <reporter-output>
          </reporter-output>
        </test-method> <!-- setup -->
        <test-method signature="registerWithNoDetails()[pri:4, instance:testcases.RegisterTest@1530c739]" started-at="2024-09-24T10:09:17 IST" name="registerWithNoDetails" finished-at="2024-09-24T10:09:22 IST" duration-ms="4845" status="PASS">
          <reporter-output>
          </reporter-output>
        </test-method> <!-- registerWithNoDetails -->
        <test-method is-config="true" signature="teardown()[pri:0, instance:testcases.RegisterTest@1530c739]" started-at="2024-09-24T10:09:22 IST" name="teardown" finished-at="2024-09-24T10:09:23 IST" duration-ms="379" status="PASS">
          <reporter-output>
          </reporter-output>
        </test-method> <!-- teardown -->
      </class> <!-- testcases.RegisterTest -->
      <class name="testcases.SearchTest">
        <test-method is-config="true" signature="setup()[pri:0, instance:testcases.SearchTest@8519cb4]" started-at="2024-09-24T10:11:44 IST" name="setup" finished-at="2024-09-24T10:11:55 IST" duration-ms="10567" status="PASS">
          <reporter-output>
          </reporter-output>
        </test-method> <!-- setup -->
        <test-method signature="verifySearchWithVaildProduct()[pri:1, instance:testcases.SearchTest@8519cb4]" started-at="2024-09-24T10:11:55 IST" name="verifySearchWithVaildProduct" finished-at="2024-09-24T10:11:56 IST" duration-ms="1474" status="PASS">
          <reporter-output>
          </reporter-output>
        </test-method> <!-- verifySearchWithVaildProduct -->
        <test-method is-config="true" signature="tearDown()[pri:0, instance:testcases.SearchTest@8519cb4]" started-at="2024-09-24T10:11:56 IST" name="tearDown" finished-at="2024-09-24T10:11:57 IST" duration-ms="702" status="PASS">
          <reporter-output>
          </reporter-output>
        </test-method> <!-- tearDown -->
        <test-method is-config="true" signature="setup()[pri:0, instance:testcases.SearchTest@8519cb4]" started-at="2024-09-24T10:11:57 IST" name="setup" finished-at="2024-09-24T10:12:05 IST" duration-ms="8490" status="PASS">
          <reporter-output>
          </reporter-output>
        </test-method> <!-- setup -->
        <test-method signature="verifySearchWithNonExixtingProd()[pri:2, instance:testcases.SearchTest@8519cb4]" started-at="2024-09-24T10:12:05 IST" name="verifySearchWithNonExixtingProd" finished-at="2024-09-24T10:12:06 IST" duration-ms="974" status="PASS">
          <reporter-output>
          </reporter-output>
        </test-method> <!-- verifySearchWithNonExixtingProd -->
        <test-method is-config="true" signature="tearDown()[pri:0, instance:testcases.SearchTest@8519cb4]" started-at="2024-09-24T10:12:06 IST" name="tearDown" finished-at="2024-09-24T10:12:07 IST" duration-ms="347" status="PASS">
          <reporter-output>
          </reporter-output>
        </test-method> <!-- tearDown -->
        <test-method is-config="true" signature="setup()[pri:0, instance:testcases.SearchTest@8519cb4]" started-at="2024-09-24T10:12:07 IST" name="setup" finished-at="2024-09-24T10:12:18 IST" duration-ms="11469" status="PASS">
          <reporter-output>
          </reporter-output>
        </test-method> <!-- setup -->
        <test-method signature="verifySearchWithOutProduct()[pri:3, instance:testcases.SearchTest@8519cb4]" started-at="2024-09-24T10:12:18 IST" name="verifySearchWithOutProduct" finished-at="2024-09-24T10:12:19 IST" duration-ms="589" status="PASS">
          <reporter-output>
          </reporter-output>
        </test-method> <!-- verifySearchWithOutProduct -->
        <test-method is-config="true" signature="tearDown()[pri:0, instance:testcases.SearchTest@8519cb4]" started-at="2024-09-24T10:12:19 IST" name="tearDown" finished-at="2024-09-24T10:12:20 IST" duration-ms="1116" status="PASS">
          <reporter-output>
          </reporter-output>
        </test-method> <!-- tearDown -->
      </class> <!-- testcases.SearchTest -->
      <class name="testcases.LoginTest">
        <test-method is-config="true" signature="setup()[pri:0, instance:testcases.LoginTest@d737b89]" started-at="2024-09-24T10:09:25 IST" name="setup" finished-at="2024-09-24T10:09:34 IST" duration-ms="9043" status="PASS">
          <reporter-output>
          </reporter-output>
        </test-method> <!-- setup -->
        <test-method signature="verifyLoginValidCred(java.lang.String,java.lang.String)[pri:1, instance:testcases.LoginTest@d737b89]" started-at="2024-09-24T10:09:34 IST" name="verifyLoginValidCred" data-provider="supplyTestData" finished-at="2024-09-24T10:09:41 IST" duration-ms="7274" status="PASS">
          <params>
            <param index="0">
              <value>
                <![CDATA[assf1@gmail.com]]>
              </value>
            </param>
            <param index="1">
              <value>
                <![CDATA[12345]]>
              </value>
            </param>
          </params>
          <reporter-output>
          </reporter-output>
        </test-method> <!-- verifyLoginValidCred -->
        <test-method is-config="true" signature="teardown()[pri:0, instance:testcases.LoginTest@d737b89]" started-at="2024-09-24T10:09:41 IST" name="teardown" finished-at="2024-09-24T10:09:41 IST" duration-ms="231" status="PASS">
          <reporter-output>
          </reporter-output>
        </test-method> <!-- teardown -->
        <test-method is-config="true" signature="setup()[pri:0, instance:testcases.LoginTest@d737b89]" started-at="2024-09-24T10:09:41 IST" name="setup" finished-at="2024-09-24T10:09:52 IST" duration-ms="11019" status="PASS">
          <reporter-output>
          </reporter-output>
        </test-method> <!-- setup -->
        <test-method signature="verifyLoginValidCred(java.lang.String,java.lang.String)[pri:1, instance:testcases.LoginTest@d737b89]" started-at="2024-09-24T10:09:52 IST" name="verifyLoginValidCred" data-provider="supplyTestData" finished-at="2024-09-24T10:10:01 IST" duration-ms="8681" status="PASS">
          <params>
            <param index="0">
              <value>
                <![CDATA[assf2@gmail.com]]>
              </value>
            </param>
            <param index="1">
              <value>
                <![CDATA[12345]]>
              </value>
            </param>
          </params>
          <reporter-output>
          </reporter-output>
        </test-method> <!-- verifyLoginValidCred -->
        <test-method is-config="true" signature="teardown()[pri:0, instance:testcases.LoginTest@d737b89]" started-at="2024-09-24T10:10:01 IST" name="teardown" finished-at="2024-09-24T10:10:01 IST" duration-ms="315" status="PASS">
          <reporter-output>
          </reporter-output>
        </test-method> <!-- teardown -->
        <test-method is-config="true" signature="setup()[pri:0, instance:testcases.LoginTest@d737b89]" started-at="2024-09-24T10:10:01 IST" name="setup" finished-at="2024-09-24T10:10:13 IST" duration-ms="11203" status="PASS">
          <reporter-output>
          </reporter-output>
        </test-method> <!-- setup -->
        <test-method signature="verifyLoginValidCred(java.lang.String,java.lang.String)[pri:1, instance:testcases.LoginTest@d737b89]" started-at="2024-09-24T10:10:13 IST" name="verifyLoginValidCred" data-provider="supplyTestData" finished-at="2024-09-24T10:10:19 IST" duration-ms="6351" status="PASS">
          <params>
            <param index="0">
              <value>
                <![CDATA[assf3@gmail.com]]>
              </value>
            </param>
            <param index="1">
              <value>
                <![CDATA[12345]]>
              </value>
            </param>
          </params>
          <reporter-output>
          </reporter-output>
        </test-method> <!-- verifyLoginValidCred -->
        <test-method is-config="true" signature="teardown()[pri:0, instance:testcases.LoginTest@d737b89]" started-at="2024-09-24T10:10:19 IST" name="teardown" finished-at="2024-09-24T10:10:20 IST" duration-ms="508" status="PASS">
          <reporter-output>
          </reporter-output>
        </test-method> <!-- teardown -->
        <test-method is-config="true" signature="setup()[pri:0, instance:testcases.LoginTest@d737b89]" started-at="2024-09-24T10:10:20 IST" name="setup" finished-at="2024-09-24T10:10:30 IST" duration-ms="10924" status="PASS">
          <reporter-output>
          </reporter-output>
        </test-method> <!-- setup -->
        <test-method signature="verifyLoginValidCred(java.lang.String,java.lang.String)[pri:1, instance:testcases.LoginTest@d737b89]" started-at="2024-09-24T10:10:30 IST" name="verifyLoginValidCred" data-provider="supplyTestData" finished-at="2024-09-24T10:10:39 IST" duration-ms="8343" status="PASS">
          <params>
            <param index="0">
              <value>
                <![CDATA[assf4@gmail.com]]>
              </value>
            </param>
            <param index="1">
              <value>
                <![CDATA[12345]]>
              </value>
            </param>
          </params>
          <reporter-output>
          </reporter-output>
        </test-method> <!-- verifyLoginValidCred -->
        <test-method is-config="true" signature="teardown()[pri:0, instance:testcases.LoginTest@d737b89]" started-at="2024-09-24T10:10:39 IST" name="teardown" finished-at="2024-09-24T10:10:39 IST" duration-ms="280" status="PASS">
          <reporter-output>
          </reporter-output>
        </test-method> <!-- teardown -->
        <test-method is-config="true" signature="setup()[pri:0, instance:testcases.LoginTest@d737b89]" started-at="2024-09-24T10:10:39 IST" name="setup" finished-at="2024-09-24T10:10:52 IST" duration-ms="13349" status="PASS">
          <reporter-output>
          </reporter-output>
        </test-method> <!-- setup -->
        <test-method signature="loginInvaildCred()[pri:2, instance:testcases.LoginTest@d737b89]" started-at="2024-09-24T10:10:52 IST" name="loginInvaildCred" finished-at="2024-09-24T10:11:02 IST" duration-ms="9887" status="PASS">
          <reporter-output>
          </reporter-output>
        </test-method> <!-- loginInvaildCred -->
        <test-method is-config="true" signature="teardown()[pri:0, instance:testcases.LoginTest@d737b89]" started-at="2024-09-24T10:11:02 IST" name="teardown" finished-at="2024-09-24T10:11:03 IST" duration-ms="291" status="PASS">
          <reporter-output>
          </reporter-output>
        </test-method> <!-- teardown -->
        <test-method is-config="true" signature="setup()[pri:0, instance:testcases.LoginTest@d737b89]" started-at="2024-09-24T10:11:03 IST" name="setup" finished-at="2024-09-24T10:11:12 IST" duration-ms="9391" status="PASS">
          <reporter-output>
          </reporter-output>
        </test-method> <!-- setup -->
        <test-method signature="verifyLoginvalidemailInvalidPassword()[pri:3, instance:testcases.LoginTest@d737b89]" started-at="2024-09-24T10:11:12 IST" name="verifyLoginvalidemailInvalidPassword" finished-at="2024-09-24T10:11:14 IST" duration-ms="2288" status="PASS">
          <reporter-output>
          </reporter-output>
        </test-method> <!-- verifyLoginvalidemailInvalidPassword -->
        <test-method is-config="true" signature="teardown()[pri:0, instance:testcases.LoginTest@d737b89]" started-at="2024-09-24T10:11:14 IST" name="teardown" finished-at="2024-09-24T10:11:15 IST" duration-ms="236" status="PASS">
          <reporter-output>
          </reporter-output>
        </test-method> <!-- teardown -->
        <test-method is-config="true" signature="setup()[pri:0, instance:testcases.LoginTest@d737b89]" started-at="2024-09-24T10:11:15 IST" name="setup" finished-at="2024-09-24T10:11:26 IST" duration-ms="11713" status="PASS">
          <reporter-output>
          </reporter-output>
        </test-method> <!-- setup -->
        <test-method signature="verifyLoginInvalidemailvalidPassword()[pri:4, instance:testcases.LoginTest@d737b89]" started-at="2024-09-24T10:11:26 IST" name="verifyLoginInvalidemailvalidPassword" finished-at="2024-09-24T10:11:31 IST" duration-ms="4318" status="PASS">
          <reporter-output>
          </reporter-output>
        </test-method> <!-- verifyLoginInvalidemailvalidPassword -->
        <test-method is-config="true" signature="teardown()[pri:0, instance:testcases.LoginTest@d737b89]" started-at="2024-09-24T10:11:31 IST" name="teardown" finished-at="2024-09-24T10:11:31 IST" duration-ms="283" status="PASS">
          <reporter-output>
          </reporter-output>
        </test-method> <!-- teardown -->
        <test-method is-config="true" signature="setup()[pri:0, instance:testcases.LoginTest@d737b89]" started-at="2024-09-24T10:11:31 IST" name="setup" finished-at="2024-09-24T10:11:40 IST" duration-ms="9085" status="PASS">
          <reporter-output>
          </reporter-output>
        </test-method> <!-- setup -->
        <test-method signature="verifyLoginwithNoEmailandPass()[pri:5, instance:testcases.LoginTest@d737b89]" started-at="2024-09-24T10:11:40 IST" name="verifyLoginwithNoEmailandPass" finished-at="2024-09-24T10:11:44 IST" duration-ms="3890" status="PASS">
          <reporter-output>
          </reporter-output>
        </test-method> <!-- verifyLoginwithNoEmailandPass -->
        <test-method is-config="true" signature="teardown()[pri:0, instance:testcases.LoginTest@d737b89]" started-at="2024-09-24T10:11:44 IST" name="teardown" finished-at="2024-09-24T10:11:44 IST" duration-ms="223" status="PASS">
          <reporter-output>
          </reporter-output>
        </test-method> <!-- teardown -->
      </class> <!-- testcases.LoginTest -->
    </test> <!-- NinjaAutomation Test -->
  </suite> <!-- TutorialNinjaAutomation Suite -->
</testng-results>
